<?xml version="1.0" encoding="UTF-8"?>
<testng-results skipped="0" failed="0" ignored="0" total="1" passed="1">
  <reporter-output>
  </reporter-output>
  <suite name="Default suite" duration-ms="3718" started-at="2019-09-23T11:32:30Z" finished-at="2019-09-23T11:32:34Z">
    <groups>
    </groups>
    <test name="Default test" duration-ms="3718" started-at="2019-09-23T11:32:30Z" finished-at="2019-09-23T11:32:34Z">
      <class name="TestAPI">
        <test-method status="PASS" signature="setData()[pri:0, instance:TestAPI@47c62251]" name="setData" is-config="true" duration-ms="1043" started-at="2019-09-23T11:32:30Z" finished-at="2019-09-23T11:32:31Z">
          <reporter-output>
          </reporter-output>
        </test-method> <!-- setData -->
        <test-method status="PASS" signature="getData()[pri:0, instance:TestAPI@47c62251]" name="getData" duration-ms="2655" started-at="2019-09-23T11:32:31Z" finished-at="2019-09-23T11:32:34Z">
          <reporter-output>
          </reporter-output>
        </test-method> <!-- getData -->
      </class> <!-- TestAPI -->
    </test> <!-- Default test -->
  </suite> <!-- Default suite -->
</testng-results>
